# JRE version: Java(TM) SE Runtime Environment (11.0.6+8) (build 11.0.6+8-LTS)
# Java VM: Java HotSpot(TM) 64-Bit Server VM (11.0.6+8-LTS, mixed mode, tiered, compressed oops, g1 gc, windows-amd64)
Heap:
 garbage-first heap   total 157696K, used 64662K [0x0000000081600000, 0x0000000100000000)
  region size 1024K, 57 young (58368K), 9 survivors (9216K)
 Metaspace       used 55835K, capacity 57233K, committed 57344K, reserved 1099776K
  class space    used 7041K, capacity 7607K, committed 7680K, reserved 1048576K
GC Heap History (10 events):
Event: 1.964 GC heap before
{Heap before GC invocations=3 (full 0):
 garbage-first heap   total 131072K, used 46270K [0x0000000081600000, 0x0000000100000000)
  region size 1024K, 43 young (44032K), 5 survivors (5120K)
 Metaspace       used 23869K, capacity 24436K, committed 24704K, reserved 1071104K
  class space    used 2677K, capacity 2885K, committed 2944K, reserved 1048576K
}
Event: 1.975 GC heap after
{Heap after GC invocations=4 (full 0):
 garbage-first heap   total 131072K, used 9296K [0x0000000081600000, 0x0000000100000000)
  region size 1024K, 3 young (3072K), 3 survivors (3072K)
 Metaspace       used 23869K, capacity 24436K, committed 24704K, reserved 1071104K
  class space    used 2677K, capacity 2885K, committed 2944K, reserved 1048576K
}
Event: 3.172 GC heap before
{Heap before GC invocations=4 (full 0):
 garbage-first heap   total 131072K, used 62544K [0x0000000081600000, 0x0000000100000000)
  region size 1024K, 56 young (57344K), 3 survivors (3072K)
 Metaspace       used 28022K, capacity 28804K, committed 28928K, reserved 1075200K
  class space    used 3179K, capacity 3499K, committed 3584K, reserved 1048576K
}
Event: 3.189 GC heap after
{Heap after GC invocations=5 (full 0):
 garbage-first heap   total 131072K, used 10871K [0x0000000081600000, 0x0000000100000000)
  region size 1024K, 5 young (5120K), 5 survivors (5120K)
 Metaspace       used 28022K, capacity 28804K, committed 28928K, reserved 1075200K
  class space    used 3179K, capacity 3499K, committed 3584K, reserved 1048576K
}
Event: 4.568 GC heap before
{Heap before GC invocations=5 (full 0):
 garbage-first heap   total 131072K, used 74359K [0x0000000081600000, 0x0000000100000000)
  region size 1024K, 68 young (69632K), 5 survivors (5120K)
 Metaspace       used 34277K, capacity 35294K, committed 35456K, reserved 1081344K
  class space    used 3971K, capacity 4417K, committed 4480K, reserved 1048576K
}
Event: 4.580 GC heap after
{Heap after GC invocations=6 (full 0):
 garbage-first heap   total 157696K, used 13861K [0x0000000081600000, 0x0000000100000000)
  region size 1024K, 8 young (8192K), 8 survivors (8192K)
 Metaspace       used 34277K, capacity 35294K, committed 35456K, reserved 1081344K
  class space    used 3971K, capacity 4417K, committed 4480K, reserved 1048576K
}
Event: 4.701 GC heap before
{Heap before GC invocations=6 (full 0):
 garbage-first heap   total 157696K, used 28197K [0x0000000081600000, 0x0000000100000000)
  region size 1024K, 24 young (24576K), 8 survivors (8192K)
 Metaspace       used 34935K, capacity 35926K, committed 35968K, reserved 1081344K
  class space    used 4049K, capacity 4456K, committed 4480K, reserved 1048576K
}
Event: 4.715 GC heap after
{Heap after GC invocations=7 (full 0):
 garbage-first heap   total 157696K, used 14007K [0x0000000081600000, 0x0000000100000000)
  region size 1024K, 6 young (6144K), 6 survivors (6144K)
 Metaspace       used 34935K, capacity 35926K, committed 35968K, reserved 1081344K
  class space    used 4049K, capacity 4456K, committed 4480K, reserved 1048576K
}
Event: 6.345 GC heap before
{Heap before GC invocations=8 (full 0):
 garbage-first heap   total 157696K, used 102071K [0x0000000081600000, 0x0000000100000000)
  region size 1024K, 92 young (94208K), 6 survivors (6144K)
 Metaspace       used 48519K, capacity 49588K, committed 49664K, reserved 1091584K
  class space    used 6154K, capacity 6596K, committed 6656K, reserved 1048576K
}
Event: 6.360 GC heap after
{Heap after GC invocations=9 (full 0):
 garbage-first heap   total 157696K, used 16534K [0x0000000081600000, 0x0000000100000000)
  region size 1024K, 9 young (9216K), 9 survivors (9216K)
 Metaspace       used 48519K, capacity 49588K, committed 49664K, reserved 1091584K
  class space    used 6154K, capacity 6596K, committed 6656K, reserved 1048576K
}

