# JRE version: OpenJDK Runtime Environment (8.0_242-b01) (build 1.8.0_242-release-1644-b01)
# Java VM: OpenJDK 64-Bit Server VM (25.242-b01 mixed mode windows-amd64 compressed oops)
Heap:
 PSYoungGen      total 594432K, used 498398K [0x00000000d5580000, 0x00000000ffe00000, 0x0000000100000000)
  eden space 586752K, 83% used [0x00000000d5580000,0x00000000f3507be8,0x00000000f9280000)
  from space 7680K, 95% used [0x00000000f9280000,0x00000000f99b0000,0x00000000f9a00000)
  to   space 54784K, 0% used [0x00000000fc880000,0x00000000fc880000,0x00000000ffe00000)
 ParOldGen       total 223744K, used 124866K [0x0000000080000000, 0x000000008da80000, 0x00000000d5580000)
  object space 223744K, 55% used [0x0000000080000000,0x00000000879f0830,0x000000008da80000)
 Metaspace       used 113662K, capacity 119948K, committed 120064K, reserved 1153024K
  class space    used 14615K, capacity 15801K, committed 15872K, reserved 1048576K
GC Heap History (10 events):
Event: 1290.190 GC heap before
{Heap before GC invocations=41 (full 4):
 PSYoungGen      total 633344K, used 581985K [0x00000000d5580000, 0x0000000100000000, 0x0000000100000000)
  eden space 570368K, 100% used [0x00000000d5580000,0x00000000f8280000,0x00000000f8280000)
  from space 62976K, 18% used [0x00000000fbf00000,0x00000000fca585f8,0x00000000ffc80000)
  to   space 61952K, 0% used [0x00000000f8280000,0x00000000f8280000,0x00000000fbf00000)
 ParOldGen       total 223744K, used 75499K [0x0000000080000000, 0x000000008da80000, 0x00000000d5580000)
  object space 223744K, 33% used [0x0000000080000000,0x00000000849baf08,0x000000008da80000)
 Metaspace       used 111623K, capacity 117824K, committed 118016K, reserved 1150976K
  class space    used 14329K, capacity 15489K, committed 15616K, reserved 1048576K
Event: 1290.235 GC heap after
Heap after GC invocations=41 (full 4):
 PSYoungGen      total 632320K, used 23232K [0x00000000d5580000, 0x00000000ff900000, 0x0000000100000000)
  eden space 570368K, 0% used [0x00000000d5580000,0x00000000d5580000,0x00000000f8280000)
  from space 61952K, 37% used [0x00000000f8280000,0x00000000f9930170,0x00000000fbf00000)
  to   space 58880K, 0% used [0x00000000fbf80000,0x00000000fbf80000,0x00000000ff900000)
 ParOldGen       total 223744K, used 77547K [0x0000000080000000, 0x000000008da80000, 0x00000000d5580000)
  object space 223744K, 34% used [0x0000000080000000,0x0000000084bbacb8,0x000000008da80000)
 Metaspace       used 111623K, capacity 117824K, committed 118016K, reserved 1150976K
  class space    used 14329K, capacity 15489K, committed 15616K, reserved 1048576K
}
Event: 1292.538 GC heap before
{Heap before GC invocations=42 (full 4):
 PSYoungGen      total 632320K, used 593600K [0x00000000d5580000, 0x00000000ff900000, 0x0000000100000000)
  eden space 570368K, 100% used [0x00000000d5580000,0x00000000f8280000,0x00000000f8280000)
  from space 61952K, 37% used [0x00000000f8280000,0x00000000f9930170,0x00000000fbf00000)
  to   space 58880K, 0% used [0x00000000fbf80000,0x00000000fbf80000,0x00000000ff900000)
 ParOldGen       total 223744K, used 77548K [0x0000000080000000, 0x000000008da80000, 0x00000000d5580000)
  object space 223744K, 34% used [0x0000000080000000,0x0000000084bbb300,0x000000008da80000)
 Metaspace       used 111637K, capacity 117824K, committed 118016K, reserved 1150976K
  class space    used 14329K, capacity 15489K, committed 15616K, reserved 1048576K
Event: 1292.585 GC heap after
Heap after GC invocations=42 (full 4):
 PSYoungGen      total 633856K, used 23405K [0x00000000d5580000, 0x00000000ff700000, 0x0000000100000000)
  eden space 577024K, 0% used [0x00000000d5580000,0x00000000d5580000,0x00000000f8900000)
  from space 56832K, 41% used [0x00000000fbf80000,0x00000000fd65b780,0x00000000ff700000)
  to   space 55808K, 0% used [0x00000000f8900000,0x00000000f8900000,0x00000000fbf80000)
 ParOldGen       total 223744K, used 95845K [0x0000000080000000, 0x000000008da80000, 0x00000000d5580000)
  object space 223744K, 42% used [0x0000000080000000,0x0000000085d994d0,0x000000008da80000)
 Metaspace       used 111637K, capacity 117824K, committed 118016K, reserved 1150976K
  class space    used 14329K, capacity 15489K, committed 15616K, reserved 1048576K
}
Event: 1295.025 GC heap before
{Heap before GC invocations=43 (full 4):
 PSYoungGen      total 633856K, used 600429K [0x00000000d5580000, 0x00000000ff700000, 0x0000000100000000)
  eden space 577024K, 100% used [0x00000000d5580000,0x00000000f8900000,0x00000000f8900000)
  from space 56832K, 41% used [0x00000000fbf80000,0x00000000fd65b780,0x00000000ff700000)
  to   space 55808K, 0% used [0x00000000f8900000,0x00000000f8900000,0x00000000fbf80000)
 ParOldGen       total 223744K, used 95845K [0x0000000080000000, 0x000000008da80000, 0x00000000d5580000)
  object space 223744K, 42% used [0x0000000080000000,0x0000000085d994d0,0x000000008da80000)
 Metaspace       used 111647K, capacity 117828K, committed 118016K, reserved 1150976K
  class space    used 14329K, capacity 15489K, committed 15616K, reserved 1048576K
Event: 1295.077 GC heap after
Heap after GC invocations=43 (full 4):
 PSYoungGen      total 632832K, used 4759K [0x00000000d5580000, 0x0000000100000000, 0x0000000100000000)
  eden space 577024K, 0% used [0x00000000d5580000,0x00000000d5580000,0x00000000f8900000)
  from space 55808K, 8% used [0x00000000f8900000,0x00000000f8da5f68,0x00000000fbf80000)
  to   space 56320K, 0% used [0x00000000fc900000,0x00000000fc900000,0x0000000100000000)
 ParOldGen       total 223744K, used 115243K [0x0000000080000000, 0x000000008da80000, 0x00000000d5580000)
  object space 223744K, 51% used [0x0000000080000000,0x000000008708ad38,0x000000008da80000)
 Metaspace       used 111647K, capacity 117828K, committed 118016K, reserved 1150976K
  class space    used 14329K, capacity 15489K, committed 15616K, reserved 1048576K
}
Event: 1297.285 GC heap before
{Heap before GC invocations=44 (full 4):
 PSYoungGen      total 632832K, used 581783K [0x00000000d5580000, 0x0000000100000000, 0x0000000100000000)
  eden space 577024K, 100% used [0x00000000d5580000,0x00000000f8900000,0x00000000f8900000)
  from space 55808K, 8% used [0x00000000f8900000,0x00000000f8da5f68,0x00000000fbf80000)
  to   space 56320K, 0% used [0x00000000fc900000,0x00000000fc900000,0x0000000100000000)
 ParOldGen       total 223744K, used 115243K [0x0000000080000000, 0x000000008da80000, 0x00000000d5580000)
  object space 223744K, 51% used [0x0000000080000000,0x000000008708ad38,0x000000008da80000)
 Metaspace       used 111654K, capacity 117830K, committed 118016K, reserved 1150976K
  class space    used 14330K, capacity 15490K, committed 15616K, reserved 1048576K
Event: 1297.308 GC heap after
Heap after GC invocations=44 (full 4):
 PSYoungGen      total 642560K, used 6624K [0x00000000d5580000, 0x00000000fff80000, 0x0000000100000000)
  eden space 586752K, 0% used [0x00000000d5580000,0x00000000d5580000,0x00000000f9280000)
  from space 55808K, 11% used [0x00000000fc900000,0x00000000fcf78000,0x00000000fff80000)
  to   space 55808K, 0% used [0x00000000f9280000,0x00000000f9280000,0x00000000fc900000)
 ParOldGen       total 223744K, used 119105K [0x0000000080000000, 0x000000008da80000, 0x00000000d5580000)
  object space 223744K, 53% used [0x0000000080000000,0x00000000874507c0,0x000000008da80000)
 Metaspace       used 111654K, capacity 117830K, committed 118016K, reserved 1150976K
  class space    used 14330K, capacity 15490K, committed 15616K, reserved 1048576K
}
Event: 1299.539 GC heap before
{Heap before GC invocations=45 (full 4):
 PSYoungGen      total 642560K, used 593376K [0x00000000d5580000, 0x00000000fff80000, 0x0000000100000000)
  eden space 586752K, 100% used [0x00000000d5580000,0x00000000f9280000,0x00000000f9280000)
  from space 55808K, 11% used [0x00000000fc900000,0x00000000fcf78000,0x00000000fff80000)
  to   space 55808K, 0% used [0x00000000f9280000,0x00000000f9280000,0x00000000fc900000)
 ParOldGen       total 223744K, used 119105K [0x0000000080000000, 0x000000008da80000, 0x00000000d5580000)
  object space 223744K, 53% used [0x0000000080000000,0x00000000874507c0,0x000000008da80000)
 Metaspace       used 111661K, capacity 117830K, committed 118016K, reserved 1150976K
  class space    used 14330K, capacity 15490K, committed 15616K, reserved 1048576K
Event: 1299.570 GC heap after
Heap after GC invocations=45 (full 4):
 PSYoungGen      total 594432K, used 7360K [0x00000000d5580000, 0x00000000ffe00000, 0x0000000100000000)
  eden space 586752K, 0% used [0x00000000d5580000,0x00000000d5580000,0x00000000f9280000)
  from space 7680K, 95% used [0x00000000f9280000,0x00000000f99b0000,0x00000000f9a00000)
  to   space 54784K, 0% used [0x00000000fc880000,0x00000000fc880000,0x00000000ffe00000)
 ParOldGen       total 223744K, used 124866K [0x0000000080000000, 0x000000008da80000, 0x00000000d5580000)
  object space 223744K, 55% used [0x0000000080000000,0x00000000879f0830,0x000000008da80000)
 Metaspace       used 111661K, capacity 117830K, committed 118016K, reserved 1150976K
  class space    used 14330K, capacity 15490K, committed 15616K, reserved 1048576K
}

